{"/Users/silver/Documents/workspace/Personal/goat-shoes-frontend/src/components/SneakerCard/SneakerCard.tsx": {"path":"/Users/silver/Documents/workspace/Personal/goat-shoes-frontend/src/components/SneakerCard/SneakerCard.tsx","statementMap":{"0":{"start":{"line":1,"column":0},"end":{"line":1,"column":30}},"1":{"start":{"line":4,"column":0},"end":{"line":4,"column":42}},"2":{"start":{"line":5,"column":0},"end":{"line":5,"column":28}},"3":{"start":{"line":11,"column":37},"end":{"line":29,"column":1}},"4":{"start":{"line":12,"column":19},"end":{"line":12,"column":24}},"5":{"start":{"line":14,"column":20},"end":{"line":14,"column":85}},"6":{"start":{"line":16,"column":2},"end":{"line":28,"column":4}},"7":{"start":{"line":31,"column":0},"end":{"line":31,"column":27}}},"fnMap":{"0":{"name":"(anonymous_0)","decl":{"start":{"line":11,"column":37},"end":{"line":11,"column":38}},"loc":{"start":{"line":11,"column":47},"end":{"line":29,"column":1}}}},"branchMap":{"0":{"loc":{"start":{"line":23,"column":9},"end":{"line":23,"column":64}},"type":"binary-expr","locations":[{"start":{"line":23,"column":9},"end":{"line":23,"column":25}},{"start":{"line":23,"column":29},"end":{"line":23,"column":64}}]},"1":{"loc":{"start":{"line":25,"column":46},"end":{"line":25,"column":82}},"type":"binary-expr","locations":[{"start":{"line":25,"column":46},"end":{"line":25,"column":69}},{"start":{"line":25,"column":73},"end":{"line":25,"column":82}}]}},"s":{"0":1,"1":1,"2":1,"3":1,"4":20,"5":20,"6":20,"7":1},"f":{"0":20},"b":{"0":[20,20],"1":[20,20]}}
,"/Users/silver/Documents/workspace/Personal/goat-shoes-frontend/src/pages/SneakerDetailPage/SneakerDetailPage.tsx": {"path":"/Users/silver/Documents/workspace/Personal/goat-shoes-frontend/src/pages/SneakerDetailPage/SneakerDetailPage.tsx","statementMap":{"0":{"start":{"line":1,"column":0},"end":{"line":1,"column":41}},"1":{"start":{"line":2,"column":0},"end":{"line":2,"column":55}},"2":{"start":{"line":4,"column":0},"end":{"line":4,"column":87}},"3":{"start":{"line":5,"column":0},"end":{"line":5,"column":43}},"4":{"start":{"line":6,"column":0},"end":{"line":6,"column":61}},"5":{"start":{"line":7,"column":0},"end":{"line":7,"column":42}},"6":{"start":{"line":8,"column":0},"end":{"line":8,"column":34}},"7":{"start":{"line":12,"column":43},"end":{"line":81,"column":1}},"8":{"start":{"line":13,"column":19},"end":{"line":13,"column":32}},"9":{"start":{"line":14,"column":39},"end":{"line":14,"column":93}},"10":{"start":{"line":14,"column":73},"end":{"line":14,"column":92}},"11":{"start":{"line":15,"column":16},"end":{"line":15,"column":31}},"12":{"start":{"line":16,"column":18},"end":{"line":16,"column":30}},"13":{"start":{"line":18,"column":20},"end":{"line":18,"column":89}},"14":{"start":{"line":20,"column":17},"end":{"line":22,"column":3}},"15":{"start":{"line":21,"column":4},"end":{"line":21,"column":29}},"16":{"start":{"line":24,"column":2},"end":{"line":33,"column":9}},"17":{"start":{"line":25,"column":23},"end":{"line":25,"column":59}},"18":{"start":{"line":26,"column":4},"end":{"line":28,"column":null}},"19":{"start":{"line":27,"column":6},"end":{"line":27,"column":55}},"20":{"start":{"line":30,"column":4},"end":{"line":32,"column":6}},"21":{"start":{"line":31,"column":6},"end":{"line":31,"column":28}},"22":{"start":{"line":35,"column":2},"end":{"line":80,"column":4}},"23":{"start":{"line":83,"column":0},"end":{"line":83,"column":33}}},"fnMap":{"0":{"name":"(anonymous_0)","decl":{"start":{"line":12,"column":43},"end":{"line":12,"column":44}},"loc":{"start":{"line":12,"column":53},"end":{"line":81,"column":1}}},"1":{"name":"(anonymous_1)","decl":{"start":{"line":14,"column":51},"end":{"line":14,"column":52}},"loc":{"start":{"line":14,"column":73},"end":{"line":14,"column":92}}},"2":{"name":"(anonymous_2)","decl":{"start":{"line":20,"column":17},"end":{"line":20,"column":20}},"loc":{"start":{"line":20,"column":22},"end":{"line":22,"column":3}}},"3":{"name":"(anonymous_3)","decl":{"start":{"line":24,"column":12},"end":{"line":24,"column":15}},"loc":{"start":{"line":24,"column":17},"end":{"line":33,"column":3}}},"4":{"name":"(anonymous_4)","decl":{"start":{"line":30,"column":11},"end":{"line":30,"column":14}},"loc":{"start":{"line":30,"column":16},"end":{"line":32,"column":5}}}},"branchMap":{"0":{"loc":{"start":{"line":26,"column":4},"end":{"line":28,"column":null}},"type":"if","locations":[{"start":{"line":26,"column":4},"end":{"line":28,"column":null}}]},"1":{"loc":{"start":{"line":37,"column":7},"end":{"line":41,"column":null}},"type":"binary-expr","locations":[{"start":{"line":37,"column":7},"end":{"line":37,"column":15}},{"start":{"line":37,"column":19},"end":{"line":37,"column":25}},{"start":{"line":38,"column":8},"end":{"line":40,"column":null}}]},"2":{"loc":{"start":{"line":43,"column":7},"end":{"line":77,"column":null}},"type":"cond-expr","locations":[{"start":{"line":44,"column":8},"end":{"line":74,"column":null}},{"start":{"line":77,"column":8},"end":{"line":77,"column":21}}]},"3":{"loc":{"start":{"line":43,"column":7},"end":{"line":43,"column":26}},"type":"binary-expr","locations":[{"start":{"line":43,"column":7},"end":{"line":43,"column":15}},{"start":{"line":43,"column":19},"end":{"line":43,"column":26}}]}},"s":{"0":1,"1":1,"2":1,"3":1,"4":1,"5":1,"6":1,"7":1,"8":1,"9":1,"10":1,"11":1,"12":1,"13":1,"14":1,"15":0,"16":1,"17":1,"18":1,"19":1,"20":1,"21":1,"22":1,"23":1},"f":{"0":1,"1":1,"2":0,"3":1,"4":1},"b":{"0":[1],"1":[1,0,0],"2":[0,1],"3":[1,0]}}
,"/Users/silver/Documents/workspace/Personal/goat-shoes-frontend/src/pages/SneakerGridPage/SneakerGridPage.tsx": {"path":"/Users/silver/Documents/workspace/Personal/goat-shoes-frontend/src/pages/SneakerGridPage/SneakerGridPage.tsx","statementMap":{"0":{"start":{"line":1,"column":0},"end":{"line":1,"column":66}},"1":{"start":{"line":2,"column":0},"end":{"line":2,"column":35}},"2":{"start":{"line":3,"column":0},"end":{"line":3,"column":55}},"3":{"start":{"line":4,"column":0},"end":{"line":4,"column":145}},"4":{"start":{"line":6,"column":0},"end":{"line":6,"column":67}},"5":{"start":{"line":8,"column":0},"end":{"line":8,"column":46}},"6":{"start":{"line":9,"column":0},"end":{"line":9,"column":32}},"7":{"start":{"line":10,"column":0},"end":{"line":10,"column":73}},"8":{"start":{"line":14,"column":41},"end":{"line":112,"column":1}},"9":{"start":{"line":16,"column":26},"end":{"line":16,"column":56}},"10":{"start":{"line":17,"column":19},"end":{"line":17,"column":32}},"11":{"start":{"line":18,"column":99},"end":{"line":18,"column":147}},"12":{"start":{"line":18,"column":133},"end":{"line":18,"column":146}},"13":{"start":{"line":19,"column":18},"end":{"line":19,"column":30}},"14":{"start":{"line":21,"column":23},"end":{"line":27,"column":3}},"15":{"start":{"line":22,"column":54},"end":{"line":22,"column":77}},"16":{"start":{"line":24,"column":4},"end":{"line":26,"column":null}},"17":{"start":{"line":25,"column":6},"end":{"line":25,"column":27}},"18":{"start":{"line":29,"column":26},"end":{"line":31,"column":3}},"19":{"start":{"line":30,"column":4},"end":{"line":30,"column":40}},"20":{"start":{"line":33,"column":25},"end":{"line":36,"column":3}},"21":{"start":{"line":34,"column":4},"end":{"line":34,"column":31}},"22":{"start":{"line":35,"column":4},"end":{"line":35,"column":31}},"23":{"start":{"line":38,"column":23},"end":{"line":41,"column":3}},"24":{"start":{"line":39,"column":4},"end":{"line":39,"column":31}},"25":{"start":{"line":40,"column":4},"end":{"line":40,"column":33}},"26":{"start":{"line":43,"column":28},"end":{"line":46,"column":3}},"27":{"start":{"line":44,"column":4},"end":{"line":44,"column":31}},"28":{"start":{"line":45,"column":4},"end":{"line":45,"column":37}},"29":{"start":{"line":48,"column":2},"end":{"line":54,"column":5}},"30":{"start":{"line":49,"column":4},"end":{"line":49,"column":52}},"31":{"start":{"line":50,"column":4},"end":{"line":53,"column":6}},"32":{"start":{"line":52,"column":6},"end":{"line":52,"column":46}},"33":{"start":{"line":56,"column":2},"end":{"line":66,"column":47}},"34":{"start":{"line":57,"column":4},"end":{"line":65,"column":6}},"35":{"start":{"line":68,"column":2},"end":{"line":73,"column":9}},"36":{"start":{"line":69,"column":4},"end":{"line":72,"column":6}},"37":{"start":{"line":71,"column":6},"end":{"line":71,"column":28}},"38":{"start":{"line":75,"column":2},"end":{"line":111,"column":4}},"39":{"start":{"line":100,"column":12},"end":{"line":106,"column":14}},"40":{"start":{"line":102,"column":34},"end":{"line":102,"column":55}},"41":{"start":{"line":114,"column":0},"end":{"line":114,"column":31}}},"fnMap":{"0":{"name":"(anonymous_0)","decl":{"start":{"line":14,"column":41},"end":{"line":14,"column":42}},"loc":{"start":{"line":14,"column":51},"end":{"line":112,"column":1}}},"1":{"name":"(anonymous_1)","decl":{"start":{"line":18,"column":111},"end":{"line":18,"column":112}},"loc":{"start":{"line":18,"column":133},"end":{"line":18,"column":146}}},"2":{"name":"(anonymous_2)","decl":{"start":{"line":21,"column":23},"end":{"line":21,"column":26}},"loc":{"start":{"line":21,"column":28},"end":{"line":27,"column":3}}},"3":{"name":"(anonymous_3)","decl":{"start":{"line":29,"column":26},"end":{"line":29,"column":27}},"loc":{"start":{"line":29,"column":44},"end":{"line":31,"column":3}}},"4":{"name":"(anonymous_4)","decl":{"start":{"line":33,"column":25},"end":{"line":33,"column":26}},"loc":{"start":{"line":33,"column":54},"end":{"line":36,"column":3}}},"5":{"name":"(anonymous_5)","decl":{"start":{"line":38,"column":23},"end":{"line":38,"column":24}},"loc":{"start":{"line":38,"column":41},"end":{"line":41,"column":3}}},"6":{"name":"(anonymous_6)","decl":{"start":{"line":43,"column":28},"end":{"line":43,"column":29}},"loc":{"start":{"line":43,"column":46},"end":{"line":46,"column":3}}},"7":{"name":"(anonymous_7)","decl":{"start":{"line":48,"column":18},"end":{"line":48,"column":21}},"loc":{"start":{"line":48,"column":23},"end":{"line":54,"column":3}}},"8":{"name":"(anonymous_8)","decl":{"start":{"line":50,"column":11},"end":{"line":50,"column":14}},"loc":{"start":{"line":50,"column":16},"end":{"line":53,"column":5}}},"9":{"name":"(anonymous_9)","decl":{"start":{"line":56,"column":12},"end":{"line":56,"column":15}},"loc":{"start":{"line":56,"column":17},"end":{"line":66,"column":3}}},"10":{"name":"(anonymous_10)","decl":{"start":{"line":68,"column":12},"end":{"line":68,"column":15}},"loc":{"start":{"line":68,"column":17},"end":{"line":73,"column":3}}},"11":{"name":"(anonymous_11)","decl":{"start":{"line":69,"column":11},"end":{"line":69,"column":14}},"loc":{"start":{"line":69,"column":16},"end":{"line":72,"column":5}}},"12":{"name":"(anonymous_12)","decl":{"start":{"line":99,"column":24},"end":{"line":99,"column":25}},"loc":{"start":{"line":99,"column":33},"end":{"line":107,"column":11}}},"13":{"name":"(anonymous_13)","decl":{"start":{"line":102,"column":28},"end":{"line":102,"column":31}},"loc":{"start":{"line":102,"column":34},"end":{"line":102,"column":55}}}},"branchMap":{"0":{"loc":{"start":{"line":24,"column":4},"end":{"line":26,"column":null}},"type":"if","locations":[{"start":{"line":24,"column":4},"end":{"line":26,"column":null}}]},"1":{"loc":{"start":{"line":24,"column":8},"end":{"line":24,"column":60}},"type":"binary-expr","locations":[{"start":{"line":24,"column":8},"end":{"line":24,"column":48}},{"start":{"line":24,"column":52},"end":{"line":24,"column":60}}]},"2":{"loc":{"start":{"line":86,"column":7},"end":{"line":94,"column":null}},"type":"binary-expr","locations":[{"start":{"line":86,"column":7},"end":{"line":86,"column":13}},{"start":{"line":87,"column":8},"end":{"line":93,"column":null}}]}},"s":{"0":1,"1":1,"2":1,"3":1,"4":1,"5":1,"6":1,"7":1,"8":1,"9":9,"10":9,"11":9,"12":12,"13":9,"14":9,"15":0,"16":0,"17":0,"18":9,"19":0,"20":9,"21":0,"22":0,"23":9,"24":0,"25":0,"26":9,"27":0,"28":0,"29":9,"30":9,"31":9,"32":9,"33":9,"34":6,"35":9,"36":6,"37":6,"38":9,"39":20,"40":0,"41":1},"f":{"0":9,"1":12,"2":0,"3":0,"4":0,"5":0,"6":0,"7":9,"8":9,"9":6,"10":6,"11":6,"12":20,"13":0},"b":{"0":[0],"1":[0,0],"2":[9,1]}}
,"/Users/silver/Documents/workspace/Personal/goat-shoes-frontend/src/pages/SneakerGridPage/SneakerGridToolbox/SneakerGridToolbox.tsx": {"path":"/Users/silver/Documents/workspace/Personal/goat-shoes-frontend/src/pages/SneakerGridPage/SneakerGridToolbox/SneakerGridToolbox.tsx","statementMap":{"0":{"start":{"line":1,"column":0},"end":{"line":1,"column":40}},"1":{"start":{"line":2,"column":0},"end":{"line":2,"column":53}},"2":{"start":{"line":4,"column":0},"end":{"line":4,"column":35}},"3":{"start":{"line":6,"column":19},"end":{"line":6,"column":25}},"4":{"start":{"line":18,"column":44},"end":{"line":71,"column":1}},"5":{"start":{"line":19,"column":38},"end":{"line":19,"column":53}},"6":{"start":{"line":21,"column":19},"end":{"line":23,"column":3}},"7":{"start":{"line":22,"column":4},"end":{"line":22,"column":38}},"8":{"start":{"line":25,"column":28},"end":{"line":27,"column":3}},"9":{"start":{"line":26,"column":4},"end":{"line":26,"column":47}},"10":{"start":{"line":29,"column":2},"end":{"line":70,"column":4}},"11":{"start":{"line":32,"column":118},"end":{"line":32,"column":144}},"12":{"start":{"line":56,"column":69},"end":{"line":56,"column":115}},"13":{"start":{"line":61,"column":93},"end":{"line":61,"column":126}},"14":{"start":{"line":73,"column":0},"end":{"line":73,"column":34}}},"fnMap":{"0":{"name":"(anonymous_0)","decl":{"start":{"line":18,"column":44},"end":{"line":18,"column":45}},"loc":{"start":{"line":18,"column":54},"end":{"line":71,"column":1}}},"1":{"name":"(anonymous_1)","decl":{"start":{"line":21,"column":19},"end":{"line":21,"column":20}},"loc":{"start":{"line":21,"column":48},"end":{"line":23,"column":3}}},"2":{"name":"(anonymous_2)","decl":{"start":{"line":25,"column":28},"end":{"line":25,"column":29}},"loc":{"start":{"line":25,"column":60},"end":{"line":27,"column":3}}},"3":{"name":"(anonymous_3)","decl":{"start":{"line":32,"column":112},"end":{"line":32,"column":115}},"loc":{"start":{"line":32,"column":118},"end":{"line":32,"column":144}}},"4":{"name":"(anonymous_4)","decl":{"start":{"line":56,"column":57},"end":{"line":56,"column":58}},"loc":{"start":{"line":56,"column":69},"end":{"line":56,"column":115}}},"5":{"name":"(anonymous_5)","decl":{"start":{"line":61,"column":86},"end":{"line":61,"column":87}},"loc":{"start":{"line":61,"column":93},"end":{"line":61,"column":126}}}},"branchMap":{"0":{"loc":{"start":{"line":33,"column":11},"end":{"line":33,"column":56}},"type":"cond-expr","locations":[{"start":{"line":33,"column":25},"end":{"line":33,"column":39}},{"start":{"line":33,"column":42},"end":{"line":33,"column":56}}]},"1":{"loc":{"start":{"line":36,"column":45},"end":{"line":36,"column":95}},"type":"cond-expr","locations":[{"start":{"line":36,"column":75},"end":{"line":36,"column":84}},{"start":{"line":36,"column":87},"end":{"line":36,"column":95}}]},"2":{"loc":{"start":{"line":53,"column":7},"end":{"line":67,"column":null}},"type":"binary-expr","locations":[{"start":{"line":53,"column":7},"end":{"line":53,"column":17}},{"start":{"line":54,"column":8},"end":{"line":66,"column":null}}]}},"s":{"0":1,"1":1,"2":1,"3":1,"4":1,"5":11,"6":11,"7":0,"8":11,"9":0,"10":11,"11":2,"12":0,"13":0,"14":1},"f":{"0":11,"1":0,"2":0,"3":2,"4":0,"5":0},"b":{"0":[9,2],"1":[2,9],"2":[11,2]}}
,"/Users/silver/Documents/workspace/Personal/goat-shoes-frontend/src/services/index.ts": {"path":"/Users/silver/Documents/workspace/Personal/goat-shoes-frontend/src/services/index.ts","statementMap":{"0":{"start":{"line":1,"column":0},"end":{"line":1,"column":34}},"1":{"start":{"line":2,"column":0},"end":{"line":2,"column":38}}},"fnMap":{},"branchMap":{},"s":{"0":2,"1":2},"f":{},"b":{}}
,"/Users/silver/Documents/workspace/Personal/goat-shoes-frontend/src/services/api/api.service.ts": {"path":"/Users/silver/Documents/workspace/Personal/goat-shoes-frontend/src/services/api/api.service.ts","statementMap":{"0":{"start":{"line":1,"column":0},"end":{"line":1,"column":26}},"1":{"start":{"line":7,"column":13},"end":{"line":11,"column":3}},"2":{"start":{"line":13,"column":24},"end":{"line":13,"column":50}},"3":{"start":{"line":15,"column":28},"end":{"line":18,"column":1}},"4":{"start":{"line":16,"column":2},"end":{"line":16,"column":54}},"5":{"start":{"line":17,"column":2},"end":{"line":17,"column":29}},"6":{"start":{"line":15,"column":13},"end":{"line":15,"column":28}},"7":{"start":{"line":20,"column":31},"end":{"line":23,"column":1}},"8":{"start":{"line":21,"column":2},"end":{"line":21,"column":59}},"9":{"start":{"line":22,"column":2},"end":{"line":22,"column":49}},"10":{"start":{"line":20,"column":13},"end":{"line":20,"column":31}},"11":{"start":{"line":25,"column":34},"end":{"line":27,"column":1}},"12":{"start":{"line":26,"column":2},"end":{"line":26,"column":28}},"13":{"start":{"line":25,"column":13},"end":{"line":25,"column":34}},"14":{"start":{"line":29,"column":0},"end":{"line":36,"column":2}},"15":{"start":{"line":31,"column":4},"end":{"line":31,"column":64}},"16":{"start":{"line":32,"column":4},"end":{"line":32,"column":40}},"17":{"start":{"line":33,"column":4},"end":{"line":33,"column":18}},"18":{"start":{"line":35,"column":13},"end":{"line":35,"column":34}},"19":{"start":{"line":38,"column":0},"end":{"line":45,"column":3}},"20":{"start":{"line":39,"column":2},"end":{"line":39,"column":29}},"21":{"start":{"line":40,"column":2},"end":{"line":44,"column":null}},"22":{"start":{"line":41,"column":4},"end":{"line":41,"column":40}},"23":{"start":{"line":43,"column":4},"end":{"line":43,"column":31}}},"fnMap":{"0":{"name":"(anonymous_0)","decl":{"start":{"line":15,"column":28},"end":{"line":15,"column":29}},"loc":{"start":{"line":15,"column":65},"end":{"line":18,"column":1}}},"1":{"name":"(anonymous_1)","decl":{"start":{"line":20,"column":31},"end":{"line":20,"column":34}},"loc":{"start":{"line":20,"column":36},"end":{"line":23,"column":1}}},"2":{"name":"(anonymous_2)","decl":{"start":{"line":25,"column":34},"end":{"line":25,"column":35}},"loc":{"start":{"line":25,"column":64},"end":{"line":27,"column":1}}},"3":{"name":"(anonymous_3)","decl":{"start":{"line":30,"column":2},"end":{"line":30,"column":3}},"loc":{"start":{"line":30,"column":13},"end":{"line":34,"column":3}}},"4":{"name":"(anonymous_4)","decl":{"start":{"line":35,"column":2},"end":{"line":35,"column":3}},"loc":{"start":{"line":35,"column":13},"end":{"line":35,"column":34}}},"5":{"name":"(anonymous_5)","decl":{"start":{"line":38,"column":41},"end":{"line":38,"column":42}},"loc":{"start":{"line":38,"column":49},"end":{"line":45,"column":1}}}},"branchMap":{"0":{"loc":{"start":{"line":15,"column":29},"end":{"line":15,"column":61}},"type":"default-arg","locations":[{"start":{"line":15,"column":47},"end":{"line":15,"column":61}}]},"1":{"loc":{"start":{"line":32,"column":20},"end":{"line":32,"column":39}},"type":"binary-expr","locations":[{"start":{"line":32,"column":20},"end":{"line":32,"column":33}},{"start":{"line":32,"column":37},"end":{"line":32,"column":39}}]},"2":{"loc":{"start":{"line":40,"column":2},"end":{"line":44,"column":null}},"type":"if","locations":[{"start":{"line":40,"column":2},"end":{"line":44,"column":null}},{"start":{"line":42,"column":9},"end":{"line":44,"column":null}}]}},"s":{"0":2,"1":2,"2":2,"3":2,"4":0,"5":0,"6":2,"7":2,"8":0,"9":0,"10":2,"11":2,"12":0,"13":2,"14":2,"15":7,"16":7,"17":7,"18":0,"19":2,"20":0,"21":0,"22":0,"23":0},"f":{"0":0,"1":0,"2":0,"3":7,"4":0,"5":0},"b":{"0":[0],"1":[7,7],"2":[0,0]}}
,"/Users/silver/Documents/workspace/Personal/goat-shoes-frontend/src/services/api/sneaker.service.ts": {"path":"/Users/silver/Documents/workspace/Personal/goat-shoes-frontend/src/services/api/sneaker.service.ts","statementMap":{"0":{"start":{"line":1,"column":0},"end":{"line":1,"column":25}},"1":{"start":{"line":19,"column":14},"end":{"line":19,"column":26}},"2":{"start":{"line":20,"column":4},"end":{"line":22,"column":null}},"3":{"start":{"line":21,"column":6},"end":{"line":21,"column":52}},"4":{"start":{"line":23,"column":4},"end":{"line":25,"column":null}},"5":{"start":{"line":24,"column":6},"end":{"line":24,"column":44}},"6":{"start":{"line":26,"column":4},"end":{"line":28,"column":null}},"7":{"start":{"line":27,"column":6},"end":{"line":27,"column":43}},"8":{"start":{"line":29,"column":4},"end":{"line":31,"column":null}},"9":{"start":{"line":30,"column":6},"end":{"line":30,"column":52}},"10":{"start":{"line":32,"column":4},"end":{"line":47,"column":null}},"11":{"start":{"line":34,"column":8},"end":{"line":34,"column":60}},"12":{"start":{"line":35,"column":8},"end":{"line":35,"column":14}},"13":{"start":{"line":37,"column":8},"end":{"line":37,"column":59}},"14":{"start":{"line":38,"column":8},"end":{"line":38,"column":14}},"15":{"start":{"line":40,"column":8},"end":{"line":40,"column":59}},"16":{"start":{"line":41,"column":8},"end":{"line":41,"column":14}},"17":{"start":{"line":43,"column":8},"end":{"line":43,"column":58}},"18":{"start":{"line":44,"column":8},"end":{"line":44,"column":14}},"19":{"start":{"line":46,"column":8},"end":{"line":46,"column":14}},"20":{"start":{"line":48,"column":4},"end":{"line":51,"column":7}},"21":{"start":{"line":49,"column":25},"end":{"line":49,"column":63}},"22":{"start":{"line":50,"column":6},"end":{"line":50,"column":56}},"23":{"start":{"line":59,"column":4},"end":{"line":61,"column":7}},"24":{"start":{"line":60,"column":6},"end":{"line":60,"column":22}},"25":{"start":{"line":65,"column":13},"end":{"line":65,"column":43}}},"fnMap":{"0":{"name":"(anonymous_0)","decl":{"start":{"line":12,"column":2},"end":{"line":12,"column":7}},"loc":{"start":{"line":17,"column":29},"end":{"line":52,"column":3}}},"1":{"name":"(anonymous_1)","decl":{"start":{"line":48,"column":33},"end":{"line":48,"column":34}},"loc":{"start":{"line":48,"column":41},"end":{"line":51,"column":5}}},"2":{"name":"(anonymous_2)","decl":{"start":{"line":58,"column":2},"end":{"line":58,"column":7}},"loc":{"start":{"line":58,"column":43},"end":{"line":62,"column":3}}},"3":{"name":"(anonymous_3)","decl":{"start":{"line":59,"column":55},"end":{"line":59,"column":56}},"loc":{"start":{"line":59,"column":63},"end":{"line":61,"column":5}}}},"branchMap":{"0":{"loc":{"start":{"line":13,"column":4},"end":{"line":13,"column":22}},"type":"default-arg","locations":[{"start":{"line":13,"column":21},"end":{"line":13,"column":22}}]},"1":{"loc":{"start":{"line":14,"column":4},"end":{"line":14,"column":22}},"type":"default-arg","locations":[{"start":{"line":14,"column":20},"end":{"line":14,"column":22}}]},"2":{"loc":{"start":{"line":15,"column":4},"end":{"line":15,"column":48}},"type":"default-arg","locations":[{"start":{"line":15,"column":32},"end":{"line":15,"column":48}}]},"3":{"loc":{"start":{"line":16,"column":4},"end":{"line":16,"column":25}},"type":"default-arg","locations":[{"start":{"line":16,"column":23},"end":{"line":16,"column":25}}]},"4":{"loc":{"start":{"line":17,"column":4},"end":{"line":17,"column":29}},"type":"default-arg","locations":[{"start":{"line":17,"column":27},"end":{"line":17,"column":29}}]},"5":{"loc":{"start":{"line":20,"column":4},"end":{"line":22,"column":null}},"type":"if","locations":[{"start":{"line":20,"column":4},"end":{"line":22,"column":null}}]},"6":{"loc":{"start":{"line":23,"column":4},"end":{"line":25,"column":null}},"type":"if","locations":[{"start":{"line":23,"column":4},"end":{"line":25,"column":null}}]},"7":{"loc":{"start":{"line":26,"column":4},"end":{"line":28,"column":null}},"type":"if","locations":[{"start":{"line":26,"column":4},"end":{"line":28,"column":null}}]},"8":{"loc":{"start":{"line":29,"column":4},"end":{"line":31,"column":null}},"type":"if","locations":[{"start":{"line":29,"column":4},"end":{"line":31,"column":null}}]},"9":{"loc":{"start":{"line":32,"column":4},"end":{"line":47,"column":null}},"type":"switch","locations":[{"start":{"line":33,"column":6},"end":{"line":35,"column":14}},{"start":{"line":36,"column":6},"end":{"line":38,"column":14}},{"start":{"line":39,"column":6},"end":{"line":41,"column":14}},{"start":{"line":42,"column":6},"end":{"line":44,"column":14}},{"start":{"line":45,"column":6},"end":{"line":46,"column":14}}]}},"s":{"0":2,"1":6,"2":6,"3":6,"4":6,"5":6,"6":6,"7":0,"8":6,"9":0,"10":6,"11":0,"12":0,"13":0,"14":0,"15":0,"16":0,"17":0,"18":0,"19":6,"20":6,"21":1,"22":1,"23":1,"24":0,"25":2},"f":{"0":6,"1":1,"2":1,"3":0},"b":{"0":[0],"1":[0],"2":[0],"3":[0],"4":[0],"5":[6],"6":[6],"7":[0],"8":[0],"9":[0,0,0,0,6]}}
,"/Users/silver/Documents/workspace/Personal/goat-shoes-frontend/src/stores/configuration.ts": {"path":"/Users/silver/Documents/workspace/Personal/goat-shoes-frontend/src/stores/configuration.ts","statementMap":{"0":{"start":{"line":1,"column":0},"end":{"line":1,"column":58}},"1":{"start":{"line":3,"column":0},"end":{"line":3,"column":55}},"2":{"start":{"line":5,"column":14},"end":{"line":7,"column":2}},"3":{"start":{"line":12,"column":0},"end":{"line":12,"column":21}}},"fnMap":{},"branchMap":{},"s":{"0":2,"1":2,"2":2,"3":2},"f":{},"b":{}}
,"/Users/silver/Documents/workspace/Personal/goat-shoes-frontend/src/stores/rootReducer.ts": {"path":"/Users/silver/Documents/workspace/Personal/goat-shoes-frontend/src/stores/rootReducer.ts","statementMap":{"0":{"start":{"line":1,"column":0},"end":{"line":1,"column":51}},"1":{"start":{"line":2,"column":0},"end":{"line":2,"column":53}},"2":{"start":{"line":3,"column":0},"end":{"line":3,"column":65}},"3":{"start":{"line":5,"column":20},"end":{"line":8,"column":2}},"4":{"start":{"line":12,"column":0},"end":{"line":12,"column":27}}},"fnMap":{},"branchMap":{},"s":{"0":2,"1":2,"2":2,"3":2,"4":2},"f":{},"b":{}}
,"/Users/silver/Documents/workspace/Personal/goat-shoes-frontend/src/stores/features/sneakerDetailSlice.ts": {"path":"/Users/silver/Documents/workspace/Personal/goat-shoes-frontend/src/stores/features/sneakerDetailSlice.ts","statementMap":{"0":{"start":{"line":1,"column":0},"end":{"line":1,"column":62}},"1":{"start":{"line":3,"column":0},"end":{"line":3,"column":64}},"2":{"start":{"line":12,"column":41},"end":{"line":16,"column":2}},"3":{"start":{"line":18,"column":22},"end":{"line":41,"column":2}},"4":{"start":{"line":23,"column":6},"end":{"line":23,"column":27}},"5":{"start":{"line":24,"column":6},"end":{"line":24,"column":26}},"6":{"start":{"line":25,"column":6},"end":{"line":25,"column":27}},"7":{"start":{"line":28,"column":6},"end":{"line":28,"column":27}},"8":{"start":{"line":29,"column":6},"end":{"line":29,"column":26}},"9":{"start":{"line":32,"column":6},"end":{"line":32,"column":37}},"10":{"start":{"line":35,"column":6},"end":{"line":35,"column":36}},"11":{"start":{"line":38,"column":6},"end":{"line":38,"column":28}},"12":{"start":{"line":43,"column":13},"end":{"line":43,"column":82}},"13":{"start":{"line":51,"column":2},"end":{"line":62,"column":3}},"14":{"start":{"line":52,"column":2},"end":{"line":62,"column":3}},"15":{"start":{"line":53,"column":4},"end":{"line":61,"column":null}},"16":{"start":{"line":54,"column":6},"end":{"line":54,"column":31}},"17":{"start":{"line":55,"column":22},"end":{"line":55,"column":65}},"18":{"start":{"line":56,"column":6},"end":{"line":56,"column":35}},"19":{"start":{"line":58,"column":6},"end":{"line":58,"column":41}},"20":{"start":{"line":60,"column":6},"end":{"line":60,"column":32}},"21":{"start":{"line":50,"column":13},"end":{"line":50,"column":null}},"22":{"start":{"line":64,"column":0},"end":{"line":64,"column":37}}},"fnMap":{"0":{"name":"(anonymous_0)","decl":{"start":{"line":22,"column":15},"end":{"line":22,"column":16}},"loc":{"start":{"line":22,"column":45},"end":{"line":26,"column":5}}},"1":{"name":"(anonymous_1)","decl":{"start":{"line":27,"column":19},"end":{"line":27,"column":20}},"loc":{"start":{"line":27,"column":49},"end":{"line":30,"column":5}}},"2":{"name":"(anonymous_2)","decl":{"start":{"line":31,"column":16},"end":{"line":31,"column":17}},"loc":{"start":{"line":31,"column":78},"end":{"line":33,"column":5}}},"3":{"name":"(anonymous_3)","decl":{"start":{"line":34,"column":14},"end":{"line":34,"column":15}},"loc":{"start":{"line":34,"column":75},"end":{"line":36,"column":5}}},"4":{"name":"(anonymous_4)","decl":{"start":{"line":37,"column":20},"end":{"line":37,"column":21}},"loc":{"start":{"line":37,"column":50},"end":{"line":39,"column":5}}},"5":{"name":"(anonymous_5)","decl":{"start":{"line":51,"column":2},"end":{"line":51,"column":3}},"loc":{"start":{"line":52,"column":2},"end":{"line":62,"column":3}}},"6":{"name":"(anonymous_6)","decl":{"start":{"line":52,"column":2},"end":{"line":52,"column":7}},"loc":{"start":{"line":52,"column":20},"end":{"line":62,"column":3}}}},"branchMap":{},"s":{"0":2,"1":2,"2":2,"3":2,"4":2,"5":2,"6":2,"7":1,"8":1,"9":0,"10":0,"11":0,"12":2,"13":2,"14":1,"15":1,"16":1,"17":1,"18":0,"19":0,"20":0,"21":2,"22":2},"f":{"0":2,"1":1,"2":0,"3":0,"4":0,"5":1,"6":1},"b":{}}
,"/Users/silver/Documents/workspace/Personal/goat-shoes-frontend/src/stores/features/sneakerSlice.ts": {"path":"/Users/silver/Documents/workspace/Personal/goat-shoes-frontend/src/stores/features/sneakerSlice.ts","statementMap":{"0":{"start":{"line":1,"column":0},"end":{"line":1,"column":62}},"1":{"start":{"line":3,"column":0},"end":{"line":3,"column":64}},"2":{"start":{"line":21,"column":35},"end":{"line":31,"column":2}},"3":{"start":{"line":33,"column":16},"end":{"line":91,"column":2}},"4":{"start":{"line":38,"column":6},"end":{"line":38,"column":30}},"5":{"start":{"line":39,"column":6},"end":{"line":39,"column":26}},"6":{"start":{"line":40,"column":6},"end":{"line":40,"column":23}},"7":{"start":{"line":41,"column":6},"end":{"line":41,"column":23}},"8":{"start":{"line":42,"column":6},"end":{"line":42,"column":28}},"9":{"start":{"line":43,"column":6},"end":{"line":43,"column":26}},"10":{"start":{"line":44,"column":6},"end":{"line":44,"column":26}},"11":{"start":{"line":45,"column":6},"end":{"line":45,"column":26}},"12":{"start":{"line":48,"column":6},"end":{"line":48,"column":30}},"13":{"start":{"line":49,"column":6},"end":{"line":49,"column":26}},"14":{"start":{"line":50,"column":6},"end":{"line":50,"column":23}},"15":{"start":{"line":51,"column":6},"end":{"line":51,"column":23}},"16":{"start":{"line":52,"column":6},"end":{"line":52,"column":28}},"17":{"start":{"line":53,"column":6},"end":{"line":53,"column":26}},"18":{"start":{"line":56,"column":6},"end":{"line":56,"column":24}},"19":{"start":{"line":59,"column":6},"end":{"line":59,"column":27}},"20":{"start":{"line":60,"column":6},"end":{"line":60,"column":26}},"21":{"start":{"line":63,"column":6},"end":{"line":63,"column":40}},"22":{"start":{"line":66,"column":6},"end":{"line":66,"column":36}},"23":{"start":{"line":69,"column":6},"end":{"line":69,"column":36}},"24":{"start":{"line":72,"column":6},"end":{"line":72,"column":38}},"25":{"start":{"line":75,"column":6},"end":{"line":75,"column":42}},"26":{"start":{"line":78,"column":6},"end":{"line":78,"column":38}},"27":{"start":{"line":81,"column":6},"end":{"line":81,"column":61}},"28":{"start":{"line":85,"column":6},"end":{"line":85,"column":36}},"29":{"start":{"line":88,"column":6},"end":{"line":88,"column":28}},"30":{"start":{"line":93,"column":13},"end":{"line":105,"column":null}},"31":{"start":{"line":114,"column":2},"end":{"line":128,"column":3}},"32":{"start":{"line":115,"column":2},"end":{"line":128,"column":3}},"33":{"start":{"line":116,"column":4},"end":{"line":127,"column":null}},"34":{"start":{"line":117,"column":6},"end":{"line":117,"column":29}},"35":{"start":{"line":118,"column":23},"end":{"line":118,"column":150}},"36":{"start":{"line":119,"column":6},"end":{"line":119,"column":50}},"37":{"start":{"line":120,"column":6},"end":{"line":122,"column":null}},"38":{"start":{"line":121,"column":8},"end":{"line":121,"column":47}},"39":{"start":{"line":124,"column":6},"end":{"line":124,"column":38}},"40":{"start":{"line":126,"column":6},"end":{"line":126,"column":32}},"41":{"start":{"line":113,"column":13},"end":{"line":113,"column":null}},"42":{"start":{"line":130,"column":0},"end":{"line":130,"column":31}}},"fnMap":{"0":{"name":"(anonymous_0)","decl":{"start":{"line":37,"column":15},"end":{"line":37,"column":16}},"loc":{"start":{"line":37,"column":39},"end":{"line":46,"column":5}}},"1":{"name":"(anonymous_1)","decl":{"start":{"line":47,"column":20},"end":{"line":47,"column":21}},"loc":{"start":{"line":47,"column":44},"end":{"line":54,"column":5}}},"2":{"name":"(anonymous_2)","decl":{"start":{"line":55,"column":14},"end":{"line":55,"column":15}},"loc":{"start":{"line":55,"column":38},"end":{"line":57,"column":5}}},"3":{"name":"(anonymous_3)","decl":{"start":{"line":58,"column":19},"end":{"line":58,"column":20}},"loc":{"start":{"line":58,"column":43},"end":{"line":61,"column":5}}},"4":{"name":"(anonymous_4)","decl":{"start":{"line":62,"column":19},"end":{"line":62,"column":20}},"loc":{"start":{"line":62,"column":74},"end":{"line":64,"column":5}}},"5":{"name":"(anonymous_5)","decl":{"start":{"line":65,"column":15},"end":{"line":65,"column":16}},"loc":{"start":{"line":65,"column":81},"end":{"line":67,"column":5}}},"6":{"name":"(anonymous_6)","decl":{"start":{"line":68,"column":17},"end":{"line":68,"column":18}},"loc":{"start":{"line":68,"column":83},"end":{"line":70,"column":5}}},"7":{"name":"(anonymous_7)","decl":{"start":{"line":71,"column":17},"end":{"line":71,"column":18}},"loc":{"start":{"line":71,"column":72},"end":{"line":73,"column":5}}},"8":{"name":"(anonymous_8)","decl":{"start":{"line":74,"column":21},"end":{"line":74,"column":22}},"loc":{"start":{"line":74,"column":76},"end":{"line":76,"column":5}}},"9":{"name":"(anonymous_9)","decl":{"start":{"line":77,"column":17},"end":{"line":77,"column":18}},"loc":{"start":{"line":77,"column":75},"end":{"line":79,"column":5}}},"10":{"name":"(anonymous_10)","decl":{"start":{"line":80,"column":20},"end":{"line":80,"column":21}},"loc":{"start":{"line":80,"column":78},"end":{"line":82,"column":5}}},"11":{"name":"(anonymous_11)","decl":{"start":{"line":84,"column":15},"end":{"line":84,"column":16}},"loc":{"start":{"line":84,"column":70},"end":{"line":86,"column":5}}},"12":{"name":"(anonymous_12)","decl":{"start":{"line":87,"column":20},"end":{"line":87,"column":21}},"loc":{"start":{"line":87,"column":44},"end":{"line":89,"column":5}}},"13":{"name":"(anonymous_13)","decl":{"start":{"line":114,"column":2},"end":{"line":114,"column":3}},"loc":{"start":{"line":115,"column":2},"end":{"line":128,"column":3}}},"14":{"name":"(anonymous_14)","decl":{"start":{"line":115,"column":2},"end":{"line":115,"column":7}},"loc":{"start":{"line":115,"column":20},"end":{"line":128,"column":3}}}},"branchMap":{"0":{"loc":{"start":{"line":120,"column":6},"end":{"line":122,"column":null}},"type":"if","locations":[{"start":{"line":120,"column":6},"end":{"line":122,"column":null}}]}},"s":{"0":2,"1":2,"2":2,"3":2,"4":12,"5":12,"6":12,"7":12,"8":12,"9":12,"10":12,"11":12,"12":0,"13":0,"14":0,"15":0,"16":0,"17":0,"18":0,"19":0,"20":0,"21":1,"22":0,"23":0,"24":0,"25":0,"26":0,"27":1,"28":2,"29":1,"30":2,"31":2,"32":6,"33":6,"34":6,"35":6,"36":1,"37":1,"38":1,"39":0,"40":1,"41":2,"42":2},"f":{"0":12,"1":0,"2":0,"3":0,"4":1,"5":0,"6":0,"7":0,"8":0,"9":0,"10":1,"11":2,"12":1,"13":6,"14":6},"b":{"0":[1]}}
,"/Users/silver/Documents/workspace/Personal/goat-shoes-frontend/src/utils/index.ts": {"path":"/Users/silver/Documents/workspace/Personal/goat-shoes-frontend/src/utils/index.ts","statementMap":{"0":{"start":{"line":1,"column":0},"end":{"line":1,"column":31}}},"fnMap":{},"branchMap":{},"s":{"0":2},"f":{},"b":{}}
,"/Users/silver/Documents/workspace/Personal/goat-shoes-frontend/src/utils/string.utils.ts": {"path":"/Users/silver/Documents/workspace/Personal/goat-shoes-frontend/src/utils/string.utils.ts","statementMap":{"0":{"start":{"line":3,"column":4},"end":{"line":3,"column":43}},"1":{"start":{"line":7,"column":4},"end":{"line":9,"column":null}},"2":{"start":{"line":8,"column":6},"end":{"line":8,"column":67}},"3":{"start":{"line":10,"column":4},"end":{"line":10,"column":16}},"4":{"start":{"line":1,"column":0},"end":{"line":1,"column":13}}},"fnMap":{"0":{"name":"(anonymous_0)","decl":{"start":{"line":2,"column":2},"end":{"line":2,"column":8}},"loc":{"start":{"line":2,"column":28},"end":{"line":4,"column":3}}},"1":{"name":"(anonymous_1)","decl":{"start":{"line":6,"column":2},"end":{"line":6,"column":8}},"loc":{"start":{"line":6,"column":33},"end":{"line":11,"column":3}}}},"branchMap":{"0":{"loc":{"start":{"line":3,"column":11},"end":{"line":3,"column":42}},"type":"binary-expr","locations":[{"start":{"line":3,"column":11},"end":{"line":3,"column":15}},{"start":{"line":3,"column":19},"end":{"line":3,"column":42}}]},"1":{"loc":{"start":{"line":7,"column":4},"end":{"line":9,"column":null}},"type":"if","locations":[{"start":{"line":7,"column":4},"end":{"line":9,"column":null}}]}},"s":{"0":0,"1":21,"2":20,"3":1,"4":2},"f":{"0":0,"1":21},"b":{"0":[0,0],"1":[20]}}
}
