TN:
SF:src/components/SneakerCard/SneakerCard.tsx
FN:11,(anonymous_0)
FNF:1
FNH:1
FNDA:20,(anonymous_0)
DA:1,1
DA:4,1
DA:5,1
DA:11,1
DA:12,20
DA:14,20
DA:16,20
DA:31,1
LF:8
LH:8
BRDA:23,0,0,20
BRDA:23,0,1,20
BRDA:25,1,0,20
BRDA:25,1,1,20
BRF:4
BRH:4
end_of_record
TN:
SF:src/pages/SneakerDetailPage/SneakerDetailPage.tsx
FN:12,(anonymous_0)
FN:14,(anonymous_1)
FN:20,(anonymous_2)
FN:24,(anonymous_3)
FN:30,(anonymous_4)
FNF:5
FNH:4
FNDA:1,(anonymous_0)
FNDA:1,(anonymous_1)
FNDA:0,(anonymous_2)
FNDA:1,(anonymous_3)
FNDA:1,(anonymous_4)
DA:1,1
DA:2,1
DA:4,1
DA:5,1
DA:6,1
DA:7,1
DA:8,1
DA:12,1
DA:13,1
DA:14,1
DA:15,1
DA:16,1
DA:18,1
DA:20,1
DA:21,0
DA:24,1
DA:25,1
DA:26,1
DA:27,1
DA:30,1
DA:31,1
DA:35,1
DA:83,1
LF:23
LH:22
BRDA:26,0,0,1
BRDA:37,1,0,1
BRDA:37,1,1,0
BRDA:37,1,2,0
BRDA:43,2,0,0
BRDA:43,2,1,1
BRDA:43,3,0,1
BRDA:43,3,1,0
BRF:8
BRH:4
end_of_record
TN:
SF:src/pages/SneakerGridPage/SneakerGridPage.tsx
FN:14,(anonymous_0)
FN:18,(anonymous_1)
FN:21,(anonymous_2)
FN:29,(anonymous_3)
FN:33,(anonymous_4)
FN:38,(anonymous_5)
FN:43,(anonymous_6)
FN:48,(anonymous_7)
FN:50,(anonymous_8)
FN:56,(anonymous_9)
FN:68,(anonymous_10)
FN:69,(anonymous_11)
FN:99,(anonymous_12)
FN:102,(anonymous_13)
FNF:14
FNH:8
FNDA:9,(anonymous_0)
FNDA:12,(anonymous_1)
FNDA:0,(anonymous_2)
FNDA:0,(anonymous_3)
FNDA:0,(anonymous_4)
FNDA:0,(anonymous_5)
FNDA:0,(anonymous_6)
FNDA:9,(anonymous_7)
FNDA:9,(anonymous_8)
FNDA:6,(anonymous_9)
FNDA:6,(anonymous_10)
FNDA:6,(anonymous_11)
FNDA:20,(anonymous_12)
FNDA:0,(anonymous_13)
DA:1,1
DA:2,1
DA:3,1
DA:4,1
DA:6,1
DA:8,1
DA:9,1
DA:10,1
DA:14,1
DA:16,9
DA:17,9
DA:18,12
DA:19,9
DA:21,9
DA:22,0
DA:24,0
DA:25,0
DA:29,9
DA:30,0
DA:33,9
DA:34,0
DA:35,0
DA:38,9
DA:39,0
DA:40,0
DA:43,9
DA:44,0
DA:45,0
DA:48,9
DA:49,9
DA:50,9
DA:52,9
DA:56,9
DA:57,6
DA:68,9
DA:69,6
DA:71,6
DA:75,9
DA:100,20
DA:102,0
DA:114,1
LF:41
LH:30
BRDA:24,0,0,0
BRDA:24,1,0,0
BRDA:24,1,1,0
BRDA:86,2,0,9
BRDA:86,2,1,1
BRF:5
BRH:2
end_of_record
TN:
SF:src/pages/SneakerGridPage/SneakerGridToolbox/SneakerGridToolbox.tsx
FN:18,(anonymous_0)
FN:21,(anonymous_1)
FN:25,(anonymous_2)
FN:32,(anonymous_3)
FN:56,(anonymous_4)
FN:61,(anonymous_5)
FNF:6
FNH:2
FNDA:11,(anonymous_0)
FNDA:0,(anonymous_1)
FNDA:0,(anonymous_2)
FNDA:2,(anonymous_3)
FNDA:0,(anonymous_4)
FNDA:0,(anonymous_5)
DA:1,1
DA:2,1
DA:4,1
DA:6,1
DA:18,1
DA:19,11
DA:21,11
DA:22,0
DA:25,11
DA:26,0
DA:29,11
DA:32,2
DA:56,0
DA:61,0
DA:73,1
LF:15
LH:11
BRDA:33,0,0,9
BRDA:33,0,1,2
BRDA:36,1,0,2
BRDA:36,1,1,9
BRDA:53,2,0,11
BRDA:53,2,1,2
BRF:6
BRH:6
end_of_record
TN:
SF:src/services/index.ts
FNF:0
FNH:0
DA:1,2
DA:2,2
LF:2
LH:2
BRF:0
BRH:0
end_of_record
TN:
SF:src/services/api/api.service.ts
FN:15,(anonymous_0)
FN:20,(anonymous_1)
FN:25,(anonymous_2)
FN:30,(anonymous_3)
FN:35,(anonymous_4)
FN:38,(anonymous_5)
FNF:6
FNH:1
FNDA:0,(anonymous_0)
FNDA:0,(anonymous_1)
FNDA:0,(anonymous_2)
FNDA:7,(anonymous_3)
FNDA:0,(anonymous_4)
FNDA:0,(anonymous_5)
DA:1,2
DA:7,2
DA:13,2
DA:15,2
DA:16,0
DA:17,0
DA:20,2
DA:21,0
DA:22,0
DA:25,2
DA:26,0
DA:29,2
DA:31,7
DA:32,7
DA:33,7
DA:35,0
DA:38,2
DA:39,0
DA:40,0
DA:41,0
DA:43,0
LF:21
LH:11
BRDA:15,0,0,0
BRDA:32,1,0,7
BRDA:32,1,1,7
BRDA:40,2,0,0
BRDA:40,2,1,0
BRF:5
BRH:2
end_of_record
TN:
SF:src/services/api/sneaker.service.ts
FN:12,(anonymous_0)
FN:48,(anonymous_1)
FN:58,(anonymous_2)
FN:59,(anonymous_3)
FNF:4
FNH:3
FNDA:6,(anonymous_0)
FNDA:1,(anonymous_1)
FNDA:1,(anonymous_2)
FNDA:0,(anonymous_3)
DA:1,2
DA:19,6
DA:20,6
DA:21,6
DA:23,6
DA:24,6
DA:26,6
DA:27,0
DA:29,6
DA:30,0
DA:32,6
DA:34,0
DA:35,0
DA:37,0
DA:38,0
DA:40,0
DA:41,0
DA:43,0
DA:44,0
DA:46,6
DA:48,6
DA:49,1
DA:50,1
DA:59,1
DA:60,0
DA:65,2
LF:26
LH:15
BRDA:13,0,0,0
BRDA:14,1,0,0
BRDA:15,2,0,0
BRDA:16,3,0,0
BRDA:17,4,0,0
BRDA:20,5,0,6
BRDA:23,6,0,6
BRDA:26,7,0,0
BRDA:29,8,0,0
BRDA:32,9,0,0
BRDA:32,9,1,0
BRDA:32,9,2,0
BRDA:32,9,3,0
BRDA:32,9,4,6
BRF:14
BRH:3
end_of_record
TN:
SF:src/stores/configuration.ts
FNF:0
FNH:0
DA:1,2
DA:3,2
DA:5,2
DA:12,2
LF:4
LH:4
BRF:0
BRH:0
end_of_record
TN:
SF:src/stores/rootReducer.ts
FNF:0
FNH:0
DA:1,2
DA:2,2
DA:3,2
DA:5,2
DA:12,2
LF:5
LH:5
BRF:0
BRH:0
end_of_record
TN:
SF:src/stores/features/sneakerDetailSlice.ts
FN:22,(anonymous_0)
FN:27,(anonymous_1)
FN:31,(anonymous_2)
FN:34,(anonymous_3)
FN:37,(anonymous_4)
FN:51,(anonymous_5)
FN:52,(anonymous_6)
FNF:7
FNH:4
FNDA:2,(anonymous_0)
FNDA:1,(anonymous_1)
FNDA:0,(anonymous_2)
FNDA:0,(anonymous_3)
FNDA:0,(anonymous_4)
FNDA:1,(anonymous_5)
FNDA:1,(anonymous_6)
DA:1,2
DA:3,2
DA:12,2
DA:18,2
DA:23,2
DA:24,2
DA:25,2
DA:28,1
DA:29,1
DA:32,0
DA:35,0
DA:38,0
DA:43,2
DA:50,2
DA:51,2
DA:52,1
DA:53,1
DA:54,1
DA:55,1
DA:56,0
DA:58,0
DA:60,0
DA:64,2
LF:23
LH:17
BRF:0
BRH:0
end_of_record
TN:
SF:src/stores/features/sneakerSlice.ts
FN:37,(anonymous_0)
FN:47,(anonymous_1)
FN:55,(anonymous_2)
FN:58,(anonymous_3)
FN:62,(anonymous_4)
FN:65,(anonymous_5)
FN:68,(anonymous_6)
FN:71,(anonymous_7)
FN:74,(anonymous_8)
FN:77,(anonymous_9)
FN:80,(anonymous_10)
FN:84,(anonymous_11)
FN:87,(anonymous_12)
FN:114,(anonymous_13)
FN:115,(anonymous_14)
FNF:15
FNH:7
FNDA:12,(anonymous_0)
FNDA:0,(anonymous_1)
FNDA:0,(anonymous_2)
FNDA:0,(anonymous_3)
FNDA:1,(anonymous_4)
FNDA:0,(anonymous_5)
FNDA:0,(anonymous_6)
FNDA:0,(anonymous_7)
FNDA:0,(anonymous_8)
FNDA:0,(anonymous_9)
FNDA:1,(anonymous_10)
FNDA:2,(anonymous_11)
FNDA:1,(anonymous_12)
FNDA:6,(anonymous_13)
FNDA:6,(anonymous_14)
DA:1,2
DA:3,2
DA:21,2
DA:33,2
DA:38,12
DA:39,12
DA:40,12
DA:41,12
DA:42,12
DA:43,12
DA:44,12
DA:45,12
DA:48,0
DA:49,0
DA:50,0
DA:51,0
DA:52,0
DA:53,0
DA:56,0
DA:59,0
DA:60,0
DA:63,1
DA:66,0
DA:69,0
DA:72,0
DA:75,0
DA:78,0
DA:81,1
DA:85,2
DA:88,1
DA:93,2
DA:113,2
DA:114,2
DA:115,6
DA:116,6
DA:117,6
DA:118,6
DA:119,1
DA:120,1
DA:121,1
DA:124,0
DA:126,1
DA:130,2
LF:43
LH:28
BRDA:120,0,0,1
BRF:1
BRH:1
end_of_record
TN:
SF:src/utils/index.ts
FNF:0
FNH:0
DA:1,2
LF:1
LH:1
BRF:0
BRH:0
end_of_record
TN:
SF:src/utils/string.utils.ts
FN:2,(anonymous_0)
FN:6,(anonymous_1)
FNF:2
FNH:1
FNDA:0,(anonymous_0)
FNDA:21,(anonymous_1)
DA:1,2
DA:3,0
DA:7,21
DA:8,20
DA:10,1
LF:5
LH:4
BRDA:3,0,0,0
BRDA:3,0,1,0
BRDA:7,1,0,20
BRF:3
BRH:1
end_of_record
